<?xml version="1.0" encoding="UTF-8"?>
<testng-results ignored="0" total="1" passed="1" failed="0" skipped="0">
  <reporter-output>
  </reporter-output>
  <suite started-at="2023-07-04T14:06:53 SGT" name="Default suite" finished-at="2023-07-04T14:07:01 SGT" duration-ms="8009">
    <groups>
    </groups>
    <test started-at="2023-07-04T14:06:53 SGT" name="Default test" finished-at="2023-07-04T14:07:01 SGT" duration-ms="8009">
      <class name="rahulshettyacademy.ExtentReport.ExtentReportDemo">
        <test-method is-config="true" signature="config()[pri:0, instance:rahulshettyacademy.ExtentReport.ExtentReportDemo@6f43c82]" started-at="2023-07-04T14:06:53 SGT" name="config" finished-at="2023-07-04T14:06:54 SGT" duration-ms="581" status="PASS">
          <reporter-output>
          </reporter-output>
        </test-method> <!-- config -->
        <test-method signature="initialDemo()[pri:0, instance:rahulshettyacademy.ExtentReport.ExtentReportDemo@6f43c82]" started-at="2023-07-04T14:06:54 SGT" name="initialDemo" finished-at="2023-07-04T14:07:01 SGT" duration-ms="7359" status="PASS">
          <reporter-output>
          </reporter-output>
        </test-method> <!-- initialDemo -->
      </class> <!-- rahulshettyacademy.ExtentReport.ExtentReportDemo -->
    </test> <!-- Default test -->
  </suite> <!-- Default suite -->
</testng-results>
